<?xml version="1.0" encoding="UTF-8"?>
<!-- Generated by org.testng.reporters.JUnitReportReporter -->
<testsuite hostname="harsimrandhanoa" name="package1.Test3" tests="1" failures="0" timestamp="6 Jan 2016 07:55:05 GMT" time="0.002" errors="0">
  <testcase name="test3" time="0.002" classname="package1.Test3"/>
</testsuite> <!-- package1.Test3 -->
