<?xml version="1.0" encoding="UTF-8"?>
<!-- Generated by org.testng.reporters.JUnitReportReporter -->
<testsuite hostname="harsimrandhanoa" name="package1.Test2" tests="1" failures="0" timestamp="6 Jan 2016 07:55:04 GMT" time="0.025" errors="0">
  <testcase name="test2" time="0.025" classname="package1.Test2"/>
</testsuite> <!-- package1.Test2 -->
