<?xml version="1.0" encoding="UTF-8"?>
<!-- Generated by org.testng.reporters.JUnitReportReporter -->
<testsuite hostname="harsimrandhanoa" name="package1.Test2" tests="1" failures="0" timestamp="3 Jan 2016 08:35:42 GMT" time="0.019" errors="0">
  <testcase name="test2" time="0.019" classname="package1.Test2"/>
</testsuite> <!-- package1.Test2 -->
